============================= test session starts ==============================
platform darwin -- Python 3.12.8, pytest-8.4.1, pluggy-1.6.0 -- /Users/adam/Library/Application Support/hatch/env/virtual/claif/_cxQnQ1g/hatch-test.py3.12/bin/python3
cachedir: .pytest_cache
rootdir: /Users/adam/Developer/vcs/github.twardoch/pub/claif-packages/claif
configfile: pytest.ini
plugins: anyio-4.9.0, xdist-3.8.0, rerunfailures-14.0, mock-3.14.1
collecting ... collected 189 items

tests/test_cli.py::TestClaifCLI::test_cli_init_default PASSED            [  0%]
tests/test_cli.py::TestClaifCLI::test_cli_init_verbose PASSED            [  1%]
tests/test_cli.py::TestClaifCLI::test_cli_init_with_config PASSED        [  1%]
tests/test_cli.py::TestClaifCLIQuery::test_query_basic PASSED            [  2%]
tests/test_cli.py::TestClaifCLIQuery::test_query_with_params FAILED      [  2%]
tests/test_cli.py::TestClaifCLIQuery::test_query_error_handling FAILED   [  3%]
tests/test_cli.py::TestClaifCLIQuery::test_query_with_metrics PASSED     [  3%]
tests/test_cli.py::TestClaifCLIStream::test_stream_basic PASSED          [  4%]
tests/test_cli.py::TestClaifCLIParallel::test_parallel_basic Loop <_UnixSelectorEventLoop running=False closed=True debug=False> that handles pid 24163 is closed

Aborted!
